<?xml version="1.0" encoding="UTF-8"?>
<testng-results ignored="0" total="2" passed="2" failed="0" skipped="0">
  <reporter-output>
  </reporter-output>
  <suite started-at="2024-10-17T15:37:29 IST" name="Suite" finished-at="2024-10-17T15:39:08 IST" duration-ms="99270">
    <groups>
    </groups>
    <test started-at="2024-10-17T15:37:29 IST" name="Test" finished-at="2024-10-17T15:39:08 IST" duration-ms="99270">
      <class name="Assessment.P004">
        <test-method is-config="true" signature="openBrowser()[pri:0, instance:Assessment.P004@1a75e76a]" started-at="2024-10-17T15:37:30 IST" name="openBrowser" finished-at="2024-10-17T15:38:13 IST" duration-ms="43070" status="PASS">
          <reporter-output>
          </reporter-output>
        </test-method> <!-- openBrowser -->
        <test-method signature="LoginTest(java.lang.String,java.lang.String,org.testng.ITestContext)[pri:0, instance:Assessment.P004@1a75e76a]" started-at="2024-10-17T15:38:13 IST" name="LoginTest" data-provider="dp" finished-at="2024-10-17T15:38:20 IST" duration-ms="7024" status="PASS">
          <params>
            <param index="0">
              <value>
                <![CDATA[mngr597025]]>
              </value>
            </param>
            <param index="1">
              <value>
                <![CDATA[mymaran]]>
              </value>
            </param>
            <param index="2">
              <value>
                <![CDATA[org.testng.TestRunner@118102ee]]>
              </value>
            </param>
          </params>
          <reporter-output>
          </reporter-output>
        </test-method> <!-- LoginTest -->
        <test-method is-config="true" signature="openBrowser()[pri:0, instance:Assessment.P004@1a75e76a]" started-at="2024-10-17T15:38:20 IST" name="openBrowser" finished-at="2024-10-17T15:39:03 IST" duration-ms="43249" status="PASS">
          <reporter-output>
          </reporter-output>
        </test-method> <!-- openBrowser -->
        <test-method signature="LoginTest(java.lang.String,java.lang.String,org.testng.ITestContext)[pri:0, instance:Assessment.P004@1a75e76a]" started-at="2024-10-17T15:39:03 IST" name="LoginTest" data-provider="dp" finished-at="2024-10-17T15:39:08 IST" duration-ms="4566" status="PASS">
          <params>
            <param index="0">
              <value>
                <![CDATA[manan121]]>
              </value>
            </param>
            <param index="1">
              <value>
                <![CDATA[manan@123]]>
              </value>
            </param>
            <param index="2">
              <value>
                <![CDATA[org.testng.TestRunner@118102ee]]>
              </value>
            </param>
          </params>
          <reporter-output>
          </reporter-output>
        </test-method> <!-- LoginTest -->
      </class> <!-- Assessment.P004 -->
    </test> <!-- Test -->
  </suite> <!-- Suite -->
</testng-results>
