<?xml version="1.0" encoding="UTF-8"?>
<testng-results ignored="0" total="1" passed="1" failed="0" skipped="0">
  <reporter-output>
  </reporter-output>
  <suite started-at="2024-09-25T13:27:52 IST" name="Default suite" finished-at="2024-09-25T13:27:59 IST" duration-ms="7364">
    <groups>
    </groups>
    <test started-at="2024-09-25T13:27:52 IST" name="Default test" finished-at="2024-09-25T13:27:59 IST" duration-ms="7364">
      <class name="assginment.P015_que010">
        <test-method signature="Login()[pri:0, instance:assginment.P015_que010@7cc0cdad]" started-at="2024-09-25T13:27:52 IST" name="Login" finished-at="2024-09-25T13:27:59 IST" duration-ms="7286" status="PASS">
          <reporter-output>
          </reporter-output>
        </test-method> <!-- Login -->
      </class> <!-- assginment.P015_que010 -->
    </test> <!-- Default test -->
  </suite> <!-- Default suite -->
</testng-results>
